<?xml version="1.0" encoding="UTF-8"?>
<testsuite xmlns:xsi="http://www.w3.org/2001/XMLSchema-instance" xsi:noNamespaceSchemaLocation="https://maven.apache.org/surefire/maven-surefire-plugin/xsd/surefire-test-report.xsd" version="3.0.2" name="com.ntt.ClientService.ClientServiceApplicationTests" time="3.5" tests="5" errors="0" skipped="0" failures="1">
  <properties>
[...]
</properties>
  <testcase name="healthCheck_Success" classname="com.ntt.ClientService.ClientServiceApplicationTests" time="0.779">
    <failure message="Status expected:&lt;200&gt; but was:&lt;500&gt;" type="java.lang.AssertionError"><![CDATA[java.lang.AssertionError: Status expected:<200> but was:<500>
	at org.springframework.test.util.AssertionErrors.fail(AssertionErrors.java:62)
	at org.springframework.test.util.AssertionErrors.assertEquals(AssertionErrors.java:129)
	at org.springframework.test.web.servlet.result.StatusResultMatchers.lambda$matcher$0(StatusResultMatchers.java:564)
	at org.springframework.test.web.servlet.MockMvc$1.andExpect(MockMvc.java:212)
	at com.ntt.ClientService.ClientServiceApplicationTests.healthCheck_Success(ClientServiceApplicationTests.java:92)
	at java.base/java.lang.reflect.Method.invoke(Method.java:565)
	at java.base/java.util.ArrayList.forEach(ArrayList.java:1604)
	at java.base/java.util.ArrayList.forEach(ArrayList.java:1604)
]]></failure>
    <system-out><![CDATA[09:09:28.592 [main] INFO org.springframework.test.context.support.AnnotationConfigContextLoaderUtils -- Could not detect default configuration classes for test class [com.ntt.ClientService.ClientServiceApplicationTests]: ClientServiceApplicationTests does not declare any static, non-private, non-final, nested classes annotated with @Configuration.
09:09:28.758 [main] INFO org.springframework.boot.test.context.SpringBootTestContextBootstrapper -- Found @SpringBootConfiguration com.ntt.ClientService.ClientServiceApplication for test class com.ntt.ClientService.ClientServiceApplicationTests

  .   ____          _            __ _ _
 /\\ / ___'_ __ _ _(_)_ __  __ _ \ \ \ \
( ( )\___ | '_ | '_| | '_ \/ _` | \ \ \ \
 \\/  ___)| |_)| | | | | || (_| |  ) ) ) )
  '  |____| .__|_| |_|_| |_\__, | / / / /
 =========|_|==============|___/=/_/_/_/

 :: Spring Boot ::       (v4.0.0-SNAPSHOT)

2025-07-18 09:09:29 [main] INFO  c.n.C.ClientServiceApplicationTests - Starting ClientServiceApplicationTests using Java 24.0.1 with PID 41872 (started by Rentadvisor in C:\Users\Rentadvisor\OneDrive\Desktop\Pruebas desde el repositorio\Prueba_Tecnica\backend)
2025-07-18 09:09:29 [main] DEBUG c.n.C.ClientServiceApplicationTests - Running with Spring Boot v4.0.0-SNAPSHOT, Spring v7.0.0-M7
2025-07-18 09:09:29 [main] INFO  c.n.C.ClientServiceApplicationTests - No active profile set, falling back to 1 default profile: "default"
2025-07-18 09:09:30 [main] INFO  o.s.b.t.m.w.SpringBootMockServletContext - Initializing Spring TestDispatcherServlet ''
2025-07-18 09:09:30 [main] INFO  o.s.t.w.s.TestDispatcherServlet - Initializing Servlet ''
2025-07-18 09:09:30 [main] INFO  o.s.t.w.s.TestDispatcherServlet - Completed initialization in 2 ms
2025-07-18 09:09:30 [main] INFO  c.n.C.ClientServiceApplicationTests - Started ClientServiceApplicationTests in 1.858 seconds (process running for 3.156)
2025-07-18 09:09:31 [main] WARN  o.s.web.servlet.PageNotFound - No mapping for GET /api/clientes/health

MockHttpServletRequest:
      HTTP Method = GET
      Request URI = /api/clientes/health
       Parameters = {}
          Headers = []
             Body = null
    Session Attrs = {}

Handler:
             Type = null

Async:
    Async started = false
     Async result = null

Resolved Exception:
             Type = org.springframework.web.servlet.NoHandlerFoundException

ModelAndView:
        View name = null
             View = null
            Model = null

FlashMap:
       Attributes = null

MockHttpServletResponse:
           Status = 500
    Error message = null
          Headers = [Content-Type:"application/json"]
     Content type = application/json
             Body = {"status":500,"message":"Error interno del servidor"}
    Forwarded URL = null
   Redirected URL = null
          Cookies = []
]]></system-out>
    <system-err><![CDATA[WARNING: A Java agent has been loaded dynamically (C:\Users\Rentadvisor\.m2\repository\net\bytebuddy\byte-buddy-agent\1.17.6\byte-buddy-agent-1.17.6.jar)
WARNING: If a serviceability tool is in use, please run with -XX:+EnableDynamicAgentLoading to hide this warning
WARNING: If a serviceability tool is not in use, please run with -Djdk.instrument.traceUsage for more information
WARNING: Dynamic loading of agents will be disallowed by default in a future release
]]></system-err>
  </testcase>
  <testcase name="consultarCliente_MissingDocumentNumber" classname="com.ntt.ClientService.ClientServiceApplicationTests" time="0.145"/>
  <testcase name="consultarCliente_InvalidDocumentType" classname="com.ntt.ClientService.ClientServiceApplicationTests" time="0.006"/>
  <testcase name="consultarCliente_NotFound" classname="com.ntt.ClientService.ClientServiceApplicationTests" time="0.007">
    <system-out><![CDATA[2025-07-18 09:09:31 [main] INFO  c.n.C.controller.ClientController - Solicitud recibida - TipoDoc: C, NumDoc: 11111111
2025-07-18 09:09:31 [main] WARN  c.n.C.controller.ClientController - Cliente no encontrado - TipoDoc: C, NumDoc: 11111111
]]></system-out>
  </testcase>
  <testcase name="consultarCliente_Success" classname="com.ntt.ClientService.ClientServiceApplicationTests" time="0.054">
    <system-out><![CDATA[2025-07-18 09:09:31 [main] INFO  c.n.C.controller.ClientController - Solicitud recibida - TipoDoc: C, NumDoc: 23445322
2025-07-18 09:09:31 [main] INFO  c.n.C.controller.ClientController - Cliente encontrado: ClientResponse(primerNombre=Duvan, segundoNombre=Andres, primerApellido=Galvis, segundoApellido=Brito, telefono=3203460370, direccion=Carrera 58 #2c-95, ciudadResidencia=Bogotá)
]]></system-out>
  </testcase>
</testsuite>