<?xml version="1.0" encoding="UTF-8"?>
<testsuite xmlns:xsi="http://www.w3.org/2001/XMLSchema-instance" xsi:noNamespaceSchemaLocation="https://maven.apache.org/surefire/maven-surefire-plugin/xsd/surefire-test-report.xsd" version="3.0.2" name="com.ntt.ClientService.ClientServiceApplicationTests" time="3.535" tests="1" errors="0" skipped="0" failures="0">
  <properties>
[...]
</properties>
  <testcase name="contextLoads" classname="com.ntt.ClientService.ClientServiceApplicationTests" time="0.927">
    <system-out><![CDATA[21:26:44.562 [main] INFO org.springframework.test.context.support.AnnotationConfigContextLoaderUtils -- Could not detect default configuration classes for test class [com.ntt.ClientService.ClientServiceApplicationTests]: ClientServiceApplicationTests does not declare any static, non-private, non-final, nested classes annotated with @Configuration.
21:26:44.691 [main] INFO org.springframework.boot.test.context.SpringBootTestContextBootstrapper -- Found @SpringBootConfiguration com.ntt.ClientService.ClientServiceApplication for test class com.ntt.ClientService.ClientServiceApplicationTests

  .   ____          _            __ _ _
 /\\ / ___'_ __ _ _(_)_ __  __ _ \ \ \ \
( ( )\___ | '_ | '_| | '_ \/ _` | \ \ \ \
 \\/  ___)| |_)| | | | | || (_| |  ) ) ) )
  '  |____| .__|_| |_|_| |_\__, | / / / /
 =========|_|==============|___/=/_/_/_/

 :: Spring Boot ::       (v4.0.0-SNAPSHOT)

2025-07-14 21:26:45 [main] INFO  c.n.C.ClientServiceApplicationTests - Starting ClientServiceApplicationTests using Java 17.0.12 with PID 34844 (started by Rentadvisor in C:\Users\Rentadvisor\OneDrive\Desktop\Pruebas desde el repositorio\Prueba_Tecnica\backend)
2025-07-14 21:26:45 [main] DEBUG c.n.C.ClientServiceApplicationTests - Running with Spring Boot v4.0.0-SNAPSHOT, Spring v7.0.0-SNAPSHOT
2025-07-14 21:26:45 [main] INFO  c.n.C.ClientServiceApplicationTests - No active profile set, falling back to 1 default profile: "default"
2025-07-14 21:26:46 [main] INFO  c.n.C.ClientServiceApplicationTests - Started ClientServiceApplicationTests in 2.012 seconds (process running for 3.311)
]]></system-out>
  </testcase>
</testsuite>